<?xml version="1.0" encoding="UTF-8"?>
<!-- Generated by org.testng.reporters.JUnitXMLReporter -->
<testsuite hostname="DESKTOP-8SKO70U" ignored="0" name="diff features of testng" tests="5" failures="1" timestamp="03 Feb 2019 12:17:27 GMT" time="116.214" errors="0">
  <testcase name="titleValidationTest1" time="0.102" classname="Assertion.ValidationUsingAssert"/>
  <testcase name="autoComplete" time="10.104" classname="threeStepsProcess.SimpleTest"/>
  <testcase name="titleValidationTest2" time="0.053" classname="Assertion.ValidationUsingAssert">
    <failure type="java.lang.AssertionError" message="The expected title did not found expected [Formy123] but found [Formy]">
      <![CDATA[java.lang.AssertionError: The expected title did not found expected [Formy123] but found [Formy]
at Assertion.ValidationUsingAssert.titleValidationTest2(ValidationUsingAssert.java:46)
... Removed 30 stack frames]]>
    </failure>
  </testcase> <!-- titleValidationTest2 -->
  <testcase name="dropDownMenu" time="1.822" classname="threeStepsProcess.SimpleTest"/>
  <testcase name="fileupload" time="10.965" classname="threeStepsProcess.SimpleTest"/>
</testsuite> <!-- diff features of testng -->
