<?xml version="1.0" encoding="UTF-8"?>
<testng-results skipped="0" failed="1" ignored="0" total="5" passed="4">
  <reporter-output>
  </reporter-output>
  <suite name="TestNg_Basics_Config" duration-ms="116214" started-at="2019-02-03T12:15:31Z" finished-at="2019-02-03T12:17:27Z">
    <groups>
      <group name="Feature#2">
        <method signature="SimpleTest.dropDownMenu()[pri:2, instance:threeStepsProcess.SimpleTest@77ec78b9]" name="dropDownMenu" class="threeStepsProcess.SimpleTest"/>
        <method signature="SimpleTest.fileupload()[pri:3, instance:threeStepsProcess.SimpleTest@77ec78b9]" name="fileupload" class="threeStepsProcess.SimpleTest"/>
      </group> <!-- Feature#2 -->
      <group name="Feature#1">
        <method signature="SimpleTest.autoComplete()[pri:1, instance:threeStepsProcess.SimpleTest@77ec78b9]" name="autoComplete" class="threeStepsProcess.SimpleTest"/>
      </group> <!-- Feature#1 -->
    </groups>
    <test name="diff features of testng" duration-ms="116214" started-at="2019-02-03T12:15:31Z" finished-at="2019-02-03T12:17:27Z">
      <class name="threeStepsProcess.SimpleTest">
        <test-method status="PASS" signature="setUp()[pri:0, instance:threeStepsProcess.SimpleTest@77ec78b9]" name="setUp" is-config="true" duration-ms="13990" started-at="2019-02-03T12:16:06Z" finished-at="2019-02-03T12:16:20Z">
          <reporter-output>
          </reporter-output>
        </test-method> <!-- setUp -->
        <test-method status="PASS" signature="autoComplete()[pri:1, instance:threeStepsProcess.SimpleTest@77ec78b9]" name="autoComplete" duration-ms="10104" started-at="2019-02-03T12:16:20Z" finished-at="2019-02-03T12:16:30Z">
          <reporter-output>
          </reporter-output>
        </test-method> <!-- autoComplete -->
        <test-method status="PASS" signature="tearDown()[pri:0, instance:threeStepsProcess.SimpleTest@77ec78b9]" name="tearDown" is-config="true" duration-ms="1057" started-at="2019-02-03T12:16:30Z" finished-at="2019-02-03T12:16:31Z">
          <reporter-output>
          </reporter-output>
        </test-method> <!-- tearDown -->
        <test-method status="PASS" signature="setUp()[pri:0, instance:threeStepsProcess.SimpleTest@77ec78b9]" name="setUp" is-config="true" duration-ms="14893" started-at="2019-02-03T12:16:44Z" finished-at="2019-02-03T12:16:59Z">
          <reporter-output>
          </reporter-output>
        </test-method> <!-- setUp -->
        <test-method status="PASS" signature="dropDownMenu()[pri:2, instance:threeStepsProcess.SimpleTest@77ec78b9]" name="dropDownMenu" duration-ms="1822" started-at="2019-02-03T12:16:59Z" finished-at="2019-02-03T12:17:01Z">
          <reporter-output>
          </reporter-output>
        </test-method> <!-- dropDownMenu -->
        <test-method status="PASS" signature="tearDown()[pri:0, instance:threeStepsProcess.SimpleTest@77ec78b9]" name="tearDown" is-config="true" duration-ms="2175" started-at="2019-02-03T12:17:01Z" finished-at="2019-02-03T12:17:03Z">
          <reporter-output>
          </reporter-output>
        </test-method> <!-- tearDown -->
        <test-method status="PASS" signature="setUp()[pri:0, instance:threeStepsProcess.SimpleTest@77ec78b9]" name="setUp" is-config="true" duration-ms="11904" started-at="2019-02-03T12:17:03Z" finished-at="2019-02-03T12:17:15Z">
          <reporter-output>
          </reporter-output>
        </test-method> <!-- setUp -->
        <test-method status="PASS" signature="fileupload()[pri:3, instance:threeStepsProcess.SimpleTest@77ec78b9]" name="fileupload" duration-ms="10965" started-at="2019-02-03T12:17:15Z" finished-at="2019-02-03T12:17:26Z">
          <reporter-output>
          </reporter-output>
        </test-method> <!-- fileupload -->
        <test-method status="PASS" signature="tearDown()[pri:0, instance:threeStepsProcess.SimpleTest@77ec78b9]" name="tearDown" is-config="true" duration-ms="1063" started-at="2019-02-03T12:17:26Z" finished-at="2019-02-03T12:17:27Z">
          <reporter-output>
          </reporter-output>
        </test-method> <!-- tearDown -->
      </class> <!-- threeStepsProcess.SimpleTest -->
      <class name="Assertion.ValidationUsingAssert">
        <test-method status="PASS" signature="setUp()[pri:0, instance:Assertion.ValidationUsingAssert@1e7c7811]" name="setUp" is-config="true" duration-ms="33705" started-at="2019-02-03T12:15:31Z" finished-at="2019-02-03T12:16:04Z">
          <reporter-output>
          </reporter-output>
        </test-method> <!-- setUp -->
        <test-method status="PASS" signature="titleValidationTest1()[pri:1, instance:Assertion.ValidationUsingAssert@1e7c7811]" name="titleValidationTest1" duration-ms="102" started-at="2019-02-03T12:16:04Z" finished-at="2019-02-03T12:16:05Z">
          <reporter-output>
          </reporter-output>
        </test-method> <!-- titleValidationTest1 -->
        <test-method status="PASS" signature="tearDown()[pri:0, instance:Assertion.ValidationUsingAssert@1e7c7811]" name="tearDown" is-config="true" duration-ms="1383" started-at="2019-02-03T12:16:05Z" finished-at="2019-02-03T12:16:06Z">
          <reporter-output>
          </reporter-output>
        </test-method> <!-- tearDown -->
        <test-method status="PASS" signature="setUp()[pri:0, instance:Assertion.ValidationUsingAssert@1e7c7811]" name="setUp" is-config="true" duration-ms="11650" started-at="2019-02-03T12:16:31Z" finished-at="2019-02-03T12:16:43Z">
          <reporter-output>
          </reporter-output>
        </test-method> <!-- setUp -->
        <test-method status="FAIL" signature="titleValidationTest2()[pri:2, instance:Assertion.ValidationUsingAssert@1e7c7811]" name="titleValidationTest2" duration-ms="53" started-at="2019-02-03T12:16:43Z" finished-at="2019-02-03T12:16:43Z">
          <exception class="java.lang.AssertionError">
            <message>
              <![CDATA[The expected title did not found expected [Formy123] but found [Formy]]]>
            </message>
            <full-stacktrace>
              <![CDATA[java.lang.AssertionError: The expected title did not found expected [Formy123] but found [Formy]
at org.testng.Assert.fail(Assert.java:96)
at org.testng.Assert.failNotEquals(Assert.java:776)
at org.testng.Assert.assertEqualsImpl(Assert.java:137)
at org.testng.Assert.assertEquals(Assert.java:118)
at org.testng.Assert.assertEquals(Assert.java:453)
at Assertion.ValidationUsingAssert.titleValidationTest2(ValidationUsingAssert.java:46)
at sun.reflect.NativeMethodAccessorImpl.invoke0(Native Method)
at sun.reflect.NativeMethodAccessorImpl.invoke(Unknown Source)
at sun.reflect.DelegatingMethodAccessorImpl.invoke(Unknown Source)
at java.lang.reflect.Method.invoke(Unknown Source)
at org.testng.internal.MethodInvocationHelper.invokeMethod(MethodInvocationHelper.java:124)
at org.testng.internal.Invoker.invokeMethod(Invoker.java:580)
at org.testng.internal.Invoker.invokeTestMethod(Invoker.java:716)
at org.testng.internal.Invoker.invokeTestMethods(Invoker.java:988)
at org.testng.internal.TestMethodWorker.invokeTestMethods(TestMethodWorker.java:125)
at org.testng.internal.TestMethodWorker.run(TestMethodWorker.java:109)
at org.testng.TestRunner.privateRun(TestRunner.java:648)
at org.testng.TestRunner.run(TestRunner.java:505)
at org.testng.SuiteRunner.runTest(SuiteRunner.java:455)
at org.testng.SuiteRunner.runSequentially(SuiteRunner.java:450)
at org.testng.SuiteRunner.privateRun(SuiteRunner.java:415)
at org.testng.SuiteRunner.run(SuiteRunner.java:364)
at org.testng.SuiteRunnerWorker.runSuite(SuiteRunnerWorker.java:52)
at org.testng.SuiteRunnerWorker.run(SuiteRunnerWorker.java:84)
at org.testng.TestNG.runSuitesSequentially(TestNG.java:1208)
at org.testng.TestNG.runSuitesLocally(TestNG.java:1137)
at org.testng.TestNG.runSuites(TestNG.java:1049)
at org.testng.TestNG.run(TestNG.java:1017)
at org.testng.remote.AbstractRemoteTestNG.run(AbstractRemoteTestNG.java:114)
at org.testng.remote.RemoteTestNG.initAndRun(RemoteTestNG.java:251)
at org.testng.remote.RemoteTestNG.main(RemoteTestNG.java:77)
]]>
            </full-stacktrace>
          </exception> <!-- java.lang.AssertionError -->
          <reporter-output>
          </reporter-output>
        </test-method> <!-- titleValidationTest2 -->
        <test-method status="PASS" signature="tearDown()[pri:0, instance:Assertion.ValidationUsingAssert@1e7c7811]" name="tearDown" is-config="true" duration-ms="1130" started-at="2019-02-03T12:16:43Z" finished-at="2019-02-03T12:16:44Z">
          <reporter-output>
          </reporter-output>
        </test-method> <!-- tearDown -->
      </class> <!-- Assertion.ValidationUsingAssert -->
    </test> <!-- diff features of testng -->
  </suite> <!-- TestNg_Basics_Config -->
</testng-results>
